\BOOKMARK [0][-]{chapter.1}{Data}{}% 1
\BOOKMARK [1][-]{section.1.1}{Baby crawling data}{chapter.1}% 2
\BOOKMARK [1][-]{section.1.2}{World Bank Data}{chapter.1}% 3
\BOOKMARK [1][-]{section.1.3}{Email data}{chapter.1}% 4
\BOOKMARK [1][-]{section.1.4}{Handwritten digit recognition}{chapter.1}% 5
\BOOKMARK [1][-]{section.1.5}{Looking forward}{chapter.1}% 6
\BOOKMARK [1][-]{section.1.6}{How to learn \(The most important section in this book!\)}{chapter.1}% 7
\BOOKMARK [0][-]{chapter.2}{Introduction to R and RStudio}{}% 8
\BOOKMARK [1][-]{section.2.1}{Obtaining and installing R}{chapter.2}% 9
\BOOKMARK [1][-]{section.2.2}{Obtaining and installing RStudio}{chapter.2}% 10
\BOOKMARK [1][-]{section.2.3}{Using R and RStudio}{chapter.2}% 11
\BOOKMARK [2][-]{subsection.2.3.1}{R as a calculator}{section.2.3}% 12
\BOOKMARK [2][-]{subsection.2.3.2}{Basic descriptive statistics and graphics in R}{section.2.3}% 13
\BOOKMARK [2][-]{subsection.2.3.3}{An initial tour of RStudio}{section.2.3}% 14
\BOOKMARK [1][-]{section.2.4}{Getting help}{chapter.2}% 15
\BOOKMARK [1][-]{section.2.5}{Workspace, working directory, and keeping organized}{chapter.2}% 16
\BOOKMARK [1][-]{section.2.6}{Quality of R code}{chapter.2}% 17
\BOOKMARK [2][-]{subsection.2.6.1}{Naming Files}{section.2.6}% 18
\BOOKMARK [2][-]{subsection.2.6.2}{Naming Variables}{section.2.6}% 19
\BOOKMARK [2][-]{subsection.2.6.3}{Syntax}{section.2.6}% 20
\BOOKMARK [0][-]{chapter.3}{Scripts and R Markdown}{}% 21
\BOOKMARK [1][-]{section.3.1}{Scripts in R}{chapter.3}% 22
\BOOKMARK [1][-]{section.3.2}{R Markdown}{chapter.3}% 23
\BOOKMARK [2][-]{subsection.3.2.1}{Creating and processing R Markdown documents}{section.3.2}% 24
\BOOKMARK [3][-]{section*.18}{Text: Lists and Headers}{subsection.3.2.1}% 25
\BOOKMARK [3][-]{section*.22}{Code Chunks}{subsection.3.2.1}% 26
\BOOKMARK [2][-]{subsection.3.2.2}{Output formats other than HTML}{section.3.2}% 27
\BOOKMARK [2][-]{subsection.3.2.3}{LaTeX and knitr}{section.3.2}% 28
\BOOKMARK [0][-]{chapter.4}{Data Structures}{}% 29
\BOOKMARK [1][-]{section.4.1}{Vectors}{chapter.4}% 30
\BOOKMARK [2][-]{subsection.4.1.1}{Types, conversion, coercion}{section.4.1}% 31
\BOOKMARK [3][-]{section*.28}{Coercion}{subsection.4.1.1}% 32
\BOOKMARK [2][-]{subsection.4.1.2}{Accessing specific elements of vectors}{section.4.1}% 33
\BOOKMARK [1][-]{section.4.2}{Factors}{chapter.4}% 34
\BOOKMARK [1][-]{section.4.3}{Names of objects in R}{chapter.4}% 35
\BOOKMARK [1][-]{section.4.4}{Missing Data, Infinity, etc.}{chapter.4}% 36
\BOOKMARK [2][-]{subsection.4.4.1}{Infinity and NaN}{section.4.4}% 37
\BOOKMARK [1][-]{section.4.5}{Data Frames}{chapter.4}% 38
\BOOKMARK [2][-]{subsection.4.5.1}{Accessing specific elements of data frames}{section.4.5}% 39
\BOOKMARK [1][-]{section.4.6}{Lists}{chapter.4}% 40
\BOOKMARK [2][-]{subsection.4.6.1}{Accessing specific elements of lists}{section.4.6}% 41
\BOOKMARK [1][-]{section.4.7}{Subsetting with logical vectors}{chapter.4}% 42
\BOOKMARK [2][-]{subsection.4.7.1}{Modifying or creating objects via subsetting}{section.4.7}% 43
\BOOKMARK [2][-]{subsection.4.7.2}{Logical subsetting and data frames}{section.4.7}% 44
\BOOKMARK [1][-]{section.4.8}{Patterned data}{chapter.4}% 45
\BOOKMARK [0][-]{chapter.5}{Graphics in R}{}% 46
\BOOKMARK [1][-]{section.5.1}{Scatter Plots}{chapter.5}% 47
\BOOKMARK [2][-]{subsection.5.1.1}{Structure of a typical ggplot}{section.5.1}% 48
\BOOKMARK [2][-]{subsection.5.1.2}{Adding lines to a scatter plot}{section.5.1}% 49
\BOOKMARK [1][-]{section.5.2}{Labels, axes, text, etc.}{chapter.5}% 50
\BOOKMARK [2][-]{subsection.5.2.1}{Labels}{section.5.2}% 51
\BOOKMARK [2][-]{subsection.5.2.2}{Customizing axes}{section.5.2}% 52
\BOOKMARK [2][-]{subsection.5.2.3}{Text, point size, and color}{section.5.2}% 53
\BOOKMARK [1][-]{section.5.3}{Other types of graphics}{chapter.5}% 54
\BOOKMARK [2][-]{subsection.5.3.1}{Histograms}{section.5.3}% 55
\BOOKMARK [2][-]{subsection.5.3.2}{Boxplots}{section.5.3}% 56
\BOOKMARK [2][-]{subsection.5.3.3}{Bar graphs}{section.5.3}% 57
\BOOKMARK [2][-]{subsection.5.3.4}{Graphs of functions}{section.5.3}% 58
\BOOKMARK [1][-]{section.5.4}{Themes}{chapter.5}% 59
\BOOKMARK [1][-]{section.5.5}{Saving graphics}{chapter.5}% 60
\BOOKMARK [1][-]{section.5.6}{More resources}{chapter.5}% 61
\BOOKMARK [0][-]{chapter.6}{Working with Data}{}% 62
\BOOKMARK [1][-]{section.6.1}{Reading data into R}{chapter.6}% 63
\BOOKMARK [2][-]{subsection.6.1.1}{Reading data with missing observations}{section.6.1}% 64
\BOOKMARK [1][-]{section.6.2}{Summarizing data frames}{chapter.6}% 65
\BOOKMARK [2][-]{subsection.6.2.1}{Column \(and row\) summaries}{section.6.2}% 66
\BOOKMARK [2][-]{subsection.6.2.2}{The apply\(\) function}{section.6.2}% 67
\BOOKMARK [2][-]{subsection.6.2.3}{Saving typing using with\(\)}{section.6.2}% 68
\BOOKMARK [1][-]{section.6.3}{Transforming a data frame}{chapter.6}% 69
\BOOKMARK [2][-]{subsection.6.3.1}{Adding variables}{section.6.3}% 70
\BOOKMARK [2][-]{subsection.6.3.2}{Removing variables}{section.6.3}% 71
\BOOKMARK [2][-]{subsection.6.3.3}{Transforming variables}{section.6.3}% 72
\BOOKMARK [2][-]{subsection.6.3.4}{Rearranging variables}{section.6.3}% 73
\BOOKMARK [1][-]{section.6.4}{Reshaping data}{chapter.6}% 74
\BOOKMARK [2][-]{subsection.6.4.1}{Tidyr}{section.6.4}% 75
\BOOKMARK [1][-]{section.6.5}{Manipulating data with dplyr}{chapter.6}% 76
\BOOKMARK [2][-]{subsection.6.5.1}{Improved data frames}{section.6.5}% 77
\BOOKMARK [2][-]{subsection.6.5.2}{Filtering data by row}{section.6.5}% 78
\BOOKMARK [2][-]{subsection.6.5.3}{Selecting variables by column}{section.6.5}% 79
\BOOKMARK [2][-]{subsection.6.5.4}{Pipes}{section.6.5}% 80
\BOOKMARK [2][-]{subsection.6.5.5}{Arranging data by row}{section.6.5}% 81
\BOOKMARK [2][-]{subsection.6.5.6}{Renaming variables}{section.6.5}% 82
\BOOKMARK [2][-]{subsection.6.5.7}{Data summaries and grouping}{section.6.5}% 83
\BOOKMARK [2][-]{subsection.6.5.8}{Creating new variables}{section.6.5}% 84
\BOOKMARK [0][-]{chapter.7}{Functions and Programming}{}% 85
\BOOKMARK [1][-]{section.7.1}{R functions}{chapter.7}% 86
\BOOKMARK [2][-]{subsection.7.1.1}{Creating functions}{section.7.1}% 87
\BOOKMARK [1][-]{section.7.2}{Programming: Conditional Statements}{chapter.7}% 88
\BOOKMARK [2][-]{subsection.7.2.1}{Comparison and logical operators}{section.7.2}% 89
\BOOKMARK [2][-]{subsection.7.2.2}{If else statements}{section.7.2}% 90
\BOOKMARK [1][-]{section.7.3}{Computer Arithmetic}{chapter.7}% 91
\BOOKMARK [1][-]{section.7.4}{Loops}{chapter.7}% 92
\BOOKMARK [2][-]{subsection.7.4.1}{A repeat loop}{section.7.4}% 93
\BOOKMARK [2][-]{subsection.7.4.2}{A while loop}{section.7.4}% 94
\BOOKMARK [2][-]{subsection.7.4.3}{A for loop}{section.7.4}% 95
\BOOKMARK [1][-]{section.7.5}{Efficiency considerations}{chapter.7}% 96
\BOOKMARK [2][-]{subsection.7.5.1}{Growing objects}{section.7.5}% 97
\BOOKMARK [2][-]{subsection.7.5.2}{Vectorization}{section.7.5}% 98
\BOOKMARK [1][-]{section.7.6}{More on functions}{chapter.7}% 99
\BOOKMARK [2][-]{subsection.7.6.1}{Calling functions}{section.7.6}% 100
\BOOKMARK [2][-]{subsection.7.6.2}{The ... argument}{section.7.6}% 101
\BOOKMARK [2][-]{subsection.7.6.3}{Lazy evaluation}{section.7.6}% 102
\BOOKMARK [0][-]{chapter.8}{Spatial data visualization and analysis}{}% 103
\BOOKMARK [1][-]{section.8.1}{Overview}{chapter.8}% 104
\BOOKMARK [2][-]{subsection.8.1.1}{Some spatial data packages}{section.8.1}% 105
\BOOKMARK [1][-]{section.8.2}{Motivating data}{chapter.8}% 106
\BOOKMARK [1][-]{section.8.3}{Reading spatial data into R}{chapter.8}% 107
\BOOKMARK [1][-]{section.8.4}{Coordinate reference systems}{chapter.8}% 108
\BOOKMARK [1][-]{section.8.5}{Illustration using ggmap}{chapter.8}% 109
\BOOKMARK [1][-]{section.8.6}{Illustration using leaflet}{chapter.8}% 110
\BOOKMARK [1][-]{section.8.7}{Subsetting spatial data}{chapter.8}% 111
\BOOKMARK [2][-]{subsection.8.7.1}{Fetching and cropping data using raster}{section.8.7}% 112
\BOOKMARK [2][-]{subsection.8.7.2}{Logical, index, and name subsetting}{section.8.7}% 113
\BOOKMARK [2][-]{subsection.8.7.3}{Spatial subsetting and overlay}{section.8.7}% 114
\BOOKMARK [2][-]{subsection.8.7.4}{Spatial aggregation}{section.8.7}% 115
\BOOKMARK [1][-]{section.8.8}{Where to go from here}{chapter.8}% 116
\BOOKMARK [0][-]{chapter.9}{Shiny}{}% 117
\BOOKMARK [1][-]{section.9.1}{Running a Simple Shiny App}{chapter.9}% 118
\BOOKMARK [1][-]{section.9.2}{Adding User Input}{chapter.9}% 119
\BOOKMARK [1][-]{section.9.3}{Adding Output}{chapter.9}% 120
\BOOKMARK [2][-]{subsection.9.3.1}{Interactive Server Logic}{section.9.3}% 121
\BOOKMARK [2][-]{subsection.9.3.2}{Interactive User Interface}{section.9.3}% 122
\BOOKMARK [1][-]{section.9.4}{More Advanced Shiny App: Michigan Campgrounds}{chapter.9}% 123
\BOOKMARK [2][-]{subsection.9.4.1}{Michigan Campgrounds UI}{section.9.4}% 124
\BOOKMARK [2][-]{subsection.9.4.2}{Michigan Campgrounds Server Logic}{section.9.4}% 125
\BOOKMARK [1][-]{section.9.5}{Adding Leaflet to Shiny}{chapter.9}% 126
\BOOKMARK [1][-]{section.9.6}{Why use Shiny?}{chapter.9}% 127
\BOOKMARK [0][-]{chapter.10}{Classification}{}% 128
\BOOKMARK [1][-]{section.10.1}{Logistic regression}{chapter.10}% 129
\BOOKMARK [2][-]{subsection.10.1.1}{Adding predictors}{section.10.1}% 130
\BOOKMARK [2][-]{subsection.10.1.2}{More than two classes}{section.10.1}% 131
\BOOKMARK [1][-]{section.10.2}{Nearest neighbor methods}{chapter.10}% 132
\BOOKMARK [2][-]{subsection.10.2.1}{kNN and the diabetes data}{section.10.2}% 133
\BOOKMARK [2][-]{subsection.10.2.2}{kNN and the iris data}{section.10.2}% 134
\BOOKMARK [0][-]{chapter.11}{Text Data}{}% 135
\BOOKMARK [1][-]{section.11.1}{Reading text data into R}{chapter.11}% 136
\BOOKMARK [1][-]{section.11.2}{The paste function}{chapter.11}% 137
\BOOKMARK [1][-]{section.11.3}{More string processing functions}{chapter.11}% 138
\BOOKMARK [0][-]{chapter.12}{Rcpp}{}% 139
\BOOKMARK [1][-]{section.12.1}{Getting Started with Rcpp}{chapter.12}% 140
\BOOKMARK [2][-]{subsection.12.1.1}{Installation}{section.12.1}% 141
\BOOKMARK [2][-]{subsection.12.1.2}{The Simplest C++ Example}{section.12.1}% 142
\BOOKMARK [1][-]{section.12.2}{Using Rcpp}{chapter.12}% 143
\BOOKMARK [2][-]{subsection.12.2.1}{Exporting C++ Functions}{section.12.2}% 144
\BOOKMARK [2][-]{subsection.12.2.2}{Inline C++ Code}{section.12.2}% 145
\BOOKMARK [1][-]{section.12.3}{The Rcpp Interface}{chapter.12}% 146
\BOOKMARK [2][-]{subsection.12.3.1}{No input and scalar output}{section.12.3}% 147
\BOOKMARK [2][-]{subsection.12.3.2}{Scalar input and scalar output}{section.12.3}% 148
\BOOKMARK [2][-]{subsection.12.3.3}{Vector input and scalar output}{section.12.3}% 149
\BOOKMARK [2][-]{subsection.12.3.4}{Vector input and vector output}{section.12.3}% 150
\BOOKMARK [2][-]{subsection.12.3.5}{Matrix input and vector output}{section.12.3}% 151
\BOOKMARK [2][-]{subsection.12.3.6}{Matrix input and matrix output}{section.12.3}% 152
\BOOKMARK [0][-]{chapter.13}{Databases and R}{}% 153
\BOOKMARK [1][-]{section.13.1}{SQL and Database Structure}{chapter.13}% 154
\BOOKMARK [2][-]{subsection.13.1.1}{SQL}{section.13.1}% 155
\BOOKMARK [3][-]{section*.56}{A Basic Query}{subsection.13.1.1}% 156
\BOOKMARK [1][-]{section.13.2}{Difficulties of working with large data sets}{chapter.13}% 157
\BOOKMARK [1][-]{section.13.3}{Using dplyr to query the database}{chapter.13}% 158
\BOOKMARK [2][-]{subsection.13.3.1}{Example with RSQLite}{section.13.3}% 159
\BOOKMARK [2][-]{subsection.13.3.2}{dbplot}{section.13.3}% 160
\BOOKMARK [2][-]{subsection.13.3.3}{Using Google BigQuery}{section.13.3}% 161
\BOOKMARK [1][-]{section.13.4}{Changing records in the database}{chapter.13}% 162
\BOOKMARK [1][-]{section.13.5}{R Studio Connections Pane}{chapter.13}% 163
\BOOKMARK [1][-]{section.13.6}{Other options}{chapter.13}% 164
\BOOKMARK [0][-]{chapter.14}{Digital Signal Processing}{}% 165
\BOOKMARK [1][-]{section.14.1}{Introduction to Digital Signal Processing}{chapter.14}% 166
\BOOKMARK [2][-]{subsection.14.1.1}{Sinusoidal Signals}{section.14.1}% 167
\BOOKMARK [1][-]{section.14.2}{Noise and Filters}{chapter.14}% 168
\BOOKMARK [1][-]{section.14.3}{Fourier Transforms and Spectrograms}{chapter.14}% 169
\BOOKMARK [1][-]{section.14.4}{Analyzing Audio Data with warbleR}{chapter.14}% 170
